# JRE version: OpenJDK Runtime Environment (11.0.10) (build 11.0.10+0-b96-7249189)
# Java VM: OpenJDK 64-Bit Server VM (11.0.10+0-b96-7249189, mixed mode, tiered, compressed oops, g1 gc, windows-amd64)
Heap:
 garbage-first heap   total 262144K, used 160906K [0x0000000080000000, 0x0000000100000000)
  region size 1024K, 80 young (81920K), 16 survivors (16384K)
 Metaspace       used 101179K, capacity 103956K, committed 104064K, reserved 1138688K
  class space    used 12910K, capacity 13882K, committed 13952K, reserved 1048576K
GC Heap History (20 events):
Event: 2.776 GC heap before
{Heap before GC invocations=4 (full 0):
 garbage-first heap   total 262144K, used 88830K [0x0000000080000000, 0x0000000100000000)
  region size 1024K, 72 young (73728K), 2 survivors (2048K)
 Metaspace       used 35027K, capacity 35797K, committed 35840K, reserved 1081344K
  class space    used 4533K, capacity 4832K, committed 4864K, reserved 1048576K
}
Event: 2.784 GC heap after
{Heap after GC invocations=5 (full 0):
 garbage-first heap   total 262144K, used 21869K [0x0000000080000000, 0x0000000100000000)
  region size 1024K, 6 young (6144K), 6 survivors (6144K)
 Metaspace       used 35027K, capacity 35797K, committed 35840K, reserved 1081344K
  class space    used 4533K, capacity 4832K, committed 4864K, reserved 1048576K
}
Event: 3.655 GC heap before
{Heap before GC invocations=6 (full 0):
 garbage-first heap   total 262144K, used 141677K [0x0000000080000000, 0x0000000100000000)
  region size 1024K, 120 young (122880K), 6 survivors (6144K)
 Metaspace       used 44169K, capacity 45199K, committed 45312K, reserved 1089536K
  class space    used 5669K, capacity 6037K, committed 6144K, reserved 1048576K
}
Event: 3.663 GC heap after
{Heap after GC invocations=7 (full 0):
 garbage-first heap   total 262144K, used 28455K [0x0000000080000000, 0x0000000100000000)
  region size 1024K, 12 young (12288K), 12 survivors (12288K)
 Metaspace       used 44169K, capacity 45199K, committed 45312K, reserved 1089536K
  class space    used 5669K, capacity 6037K, committed 6144K, reserved 1048576K
}
Event: 5.122 GC heap before
{Heap before GC invocations=7 (full 0):
 garbage-first heap   total 262144K, used 174887K [0x0000000080000000, 0x0000000100000000)
  region size 1024K, 148 young (151552K), 12 survivors (12288K)
 Metaspace       used 57262K, capacity 58719K, committed 58880K, reserved 1099776K
  class space    used 7272K, capacity 7813K, committed 7936K, reserved 1048576K
}
Event: 5.133 GC heap after
{Heap after GC invocations=8 (full 0):
 garbage-first heap   total 262144K, used 49057K [0x0000000080000000, 0x0000000100000000)
  region size 1024K, 19 young (19456K), 19 survivors (19456K)
 Metaspace       used 57262K, capacity 58719K, committed 58880K, reserved 1099776K
  class space    used 7272K, capacity 7813K, committed 7936K, reserved 1048576K
}
Event: 5.256 GC heap before
{Heap before GC invocations=8 (full 0):
 garbage-first heap   total 262144K, used 57249K [0x0000000080000000, 0x0000000100000000)
  region size 1024K, 28 young (28672K), 19 survivors (19456K)
 Metaspace       used 58507K, capacity 60068K, committed 60160K, reserved 1101824K
  class space    used 7425K, capacity 8007K, committed 8064K, reserved 1048576K
}
Event: 5.280 GC heap after
{Heap after GC invocations=9 (full 0):
 garbage-first heap   total 262144K, used 51718K [0x0000000080000000, 0x0000000100000000)
  region size 1024K, 3 young (3072K), 3 survivors (3072K)
 Metaspace       used 58507K, capacity 60068K, committed 60160K, reserved 1101824K
  class space    used 7425K, capacity 8007K, committed 8064K, reserved 1048576K
}
Event: 6.471 GC heap before
{Heap before GC invocations=10 (full 0):
 garbage-first heap   total 262144K, used 172550K [0x0000000080000000, 0x0000000100000000)
  region size 1024K, 121 young (123904K), 3 survivors (3072K)
 Metaspace       used 67928K, capacity 69496K, committed 69760K, reserved 1110016K
  class space    used 8652K, capacity 9252K, committed 9344K, reserved 1048576K
}
Event: 6.481 GC heap after
{Heap after GC invocations=11 (full 0):
 garbage-first heap   total 262144K, used 58886K [0x0000000080000000, 0x0000000100000000)
  region size 1024K, 10 young (10240K), 10 survivors (10240K)
 Metaspace       used 67928K, capacity 69496K, committed 69760K, reserved 1110016K
  class space    used 8652K, capacity 9252K, committed 9344K, reserved 1048576K
}
Event: 7.566 GC heap before
{Heap before GC invocations=12 (full 0):
 garbage-first heap   total 262144K, used 180742K [0x0000000080000000, 0x0000000100000000)
  region size 1024K, 129 young (132096K), 10 survivors (10240K)
 Metaspace       used 80488K, capacity 82387K, committed 82560K, reserved 1120256K
  class space    used 10451K, capacity 11129K, committed 11136K, reserved 1048576K
}
Event: 7.574 GC heap after
{Heap after GC invocations=13 (full 0):
 garbage-first heap   total 262144K, used 66763K [0x0000000080000000, 0x0000000100000000)
  region size 1024K, 8 young (8192K), 8 survivors (8192K)
 Metaspace       used 80488K, capacity 82387K, committed 82560K, reserved 1120256K
  class space    used 10451K, capacity 11129K, committed 11136K, reserved 1048576K
}
Event: 8.170 GC heap before
{Heap before GC invocations=13 (full 0):
 garbage-first heap   total 262144K, used 187595K [0x0000000080000000, 0x0000000100000000)
  region size 1024K, 127 young (130048K), 8 survivors (8192K)
 Metaspace       used 83361K, capacity 85728K, committed 85888K, reserved 1124352K
  class space    used 10887K, capacity 11781K, committed 11904K, reserved 1048576K
}
Event: 8.178 GC heap after
{Heap after GC invocations=14 (full 0):
 garbage-first heap   total 262144K, used 74414K [0x0000000080000000, 0x0000000100000000)
  region size 1024K, 16 young (16384K), 16 survivors (16384K)
 Metaspace       used 83361K, capacity 85728K, committed 85888K, reserved 1124352K
  class space    used 10887K, capacity 11781K, committed 11904K, reserved 1048576K
}
Event: 8.834 GC heap before
{Heap before GC invocations=14 (full 0):
 garbage-first heap   total 262144K, used 194222K [0x0000000080000000, 0x0000000100000000)
  region size 1024K, 134 young (137216K), 16 survivors (16384K)
 Metaspace       used 89358K, capacity 91726K, committed 91904K, reserved 1128448K
  class space    used 11627K, capacity 12521K, committed 12544K, reserved 1048576K
}
Event: 8.845 GC heap after
{Heap after GC invocations=15 (full 0):
 garbage-first heap   total 262144K, used 81175K [0x0000000080000000, 0x0000000100000000)
  region size 1024K, 15 young (15360K), 15 survivors (15360K)
 Metaspace       used 89358K, capacity 91726K, committed 91904K, reserved 1128448K
  class space    used 11627K, capacity 12521K, committed 12544K, reserved 1048576K
}
Event: 727.451 GC heap before
{Heap before GC invocations=15 (full 0):
 garbage-first heap   total 262144K, used 199959K [0x0000000080000000, 0x0000000100000000)
  region size 1024K, 132 young (135168K), 15 survivors (15360K)
 Metaspace       used 91200K, capacity 93579K, committed 93824K, reserved 1130496K
  class space    used 11747K, capacity 12621K, committed 12672K, reserved 1048576K
}
Event: 727.462 GC heap after
{Heap after GC invocations=16 (full 0):
 garbage-first heap   total 262144K, used 89434K [0x0000000080000000, 0x0000000100000000)
  region size 1024K, 15 young (15360K), 15 survivors (15360K)
 Metaspace       used 91200K, capacity 93579K, committed 93824K, reserved 1130496K
  class space    used 11747K, capacity 12621K, committed 12672K, reserved 1048576K
}
Event: 729.548 GC heap before
{Heap before GC invocations=16 (full 0):
 garbage-first heap   total 262144K, used 220506K [0x0000000080000000, 0x0000000100000000)
  region size 1024K, 127 young (130048K), 15 survivors (15360K)
 Metaspace       used 96658K, capacity 99186K, committed 99328K, reserved 1134592K
  class space    used 12286K, capacity 13211K, committed 13312K, reserved 1048576K
}
Event: 729.560 GC heap after
{Heap after GC invocations=17 (full 0):
 garbage-first heap   total 262144K, used 97418K [0x0000000080000000, 0x0000000100000000)
  region size 1024K, 16 young (16384K), 16 survivors (16384K)
 Metaspace       used 96658K, capacity 99186K, committed 99328K, reserved 1134592K
  class space    used 12286K, capacity 13211K, committed 13312K, reserved 1048576K
}

